[    0.000000] Initializing cgroup subsys cpuset
[    0.000000] Initializing cgroup subsys cpu
[    0.000000] Initializing cgroup subsys cpuacct
[    0.000000] Linux version 4.4.0-193-generic (buildd@lgw01-amd64-024) (gcc version 5.4.0 20160609 (Ubuntu 5.4.0-6ubuntu1~16.04.12) ) #224-Ubuntu SMP Tue Oct 6 17:15:28 UTC 2020 (Ubuntu 4.4.0-193.224-generic 4.4.236)
[    0.000000] Command line: BOOT_IMAGE=/boot/vmlinuz-4.4.0-193-generic root=UUID=8b4521ed-e76e-42dd-b204-962cf3cf52b3 ro console=tty1 console=ttyS0
[    0.000000] KERNEL supported cpus:
[    0.000000]   Intel GenuineIntel
[    0.000000]   AMD AuthenticAMD
[    0.000000]   Centaur CentaurHauls
[    0.000000] x86/fpu: xstate_offset[2]:  576, xstate_sizes[2]:  256
[    0.000000] x86/fpu: Supporting XSAVE feature 0x01: 'x87 floating point registers'
[    0.000000] x86/fpu: Supporting XSAVE feature 0x02: 'SSE registers'
[    0.000000] x86/fpu: Supporting XSAVE feature 0x04: 'AVX registers'
[    0.000000] x86/fpu: Enabled xstate features 0x7, context size is 832 bytes, using 'standard' format.
[    0.000000] e820: BIOS-provided physical RAM map:
[    0.000000] BIOS-e820: [mem 0x0000000000000000-0x000000000009fbff] usable
[    0.000000] BIOS-e820: [mem 0x000000000009fc00-0x000000000009ffff] reserved
[    0.000000] BIOS-e820: [mem 0x00000000000f0000-0x00000000000fffff] reserved
[    0.000000] BIOS-e820: [mem 0x0000000000100000-0x000000003ffeffff] usable
[    0.000000] BIOS-e820: [mem 0x000000003fff0000-0x000000003fffffff] ACPI data
[    0.000000] BIOS-e820: [mem 0x00000000fec00000-0x00000000fec00fff] reserved
[    0.000000] BIOS-e820: [mem 0x00000000fee00000-0x00000000fee00fff] reserved
[    0.000000] BIOS-e820: [mem 0x00000000fffc0000-0x00000000ffffffff] reserved
[    0.000000] NX (Execute Disable) protection: active
[    0.000000] SMBIOS 2.5 present.
[    0.000000] Hypervisor detected: KVM
[    0.000000] e820: last_pfn = 0x3fff0 max_arch_pfn = 0x400000000
[    0.000000] MTRR: Disabled
[    0.000000] x86/PAT: MTRRs disabled, skipping PAT initialization too.
[    0.000000] CPU MTRRs all blank - virtualized system.
[    0.000000] x86/PAT: Configuration [0-7]: WB  WT  UC- UC  WB  WT  UC- UC  
[    0.000000] found SMP MP-table at [mem 0x0009fff0-0x0009ffff] mapped at [ffff88000009fff0]
[    0.000000] Scanning 1 areas for low memory corruption
[    0.000000] RAMDISK: [mem 0x361ca000-0x370dcfff]
[    0.000000] ACPI: Early table checksum verification disabled
[    0.000000] ACPI: RSDP 0x00000000000E0000 000024 (v02 VBOX  )
[    0.000000] ACPI: XSDT 0x000000003FFF0030 00003C (v01 VBOX   VBOXXSDT 00000001 ASL  00000061)
[    0.000000] ACPI: FACP 0x000000003FFF00F0 0000F4 (v04 VBOX   VBOXFACP 00000001 ASL  00000061)
[    0.000000] ACPI: DSDT 0x000000003FFF0470 002325 (v02 VBOX   VBOXBIOS 00000002 INTL 20100528)
[    0.000000] ACPI: FACS 0x000000003FFF0200 000040
[    0.000000] ACPI: FACS 0x000000003FFF0200 000040
[    0.000000] ACPI: APIC 0x000000003FFF0240 00005C (v02 VBOX   VBOXAPIC 00000001 ASL  00000061)
[    0.000000] ACPI: SSDT 0x000000003FFF02A0 0001CC (v01 VBOX   VBOXCPUT 00000002 INTL 20100528)
[    0.000000] No NUMA configuration found
[    0.000000] Faking a node at [mem 0x0000000000000000-0x000000003ffeffff]
[    0.000000] NODE_DATA(0) allocated [mem 0x3ffeb000-0x3ffeffff]
[    0.000000] kvm-clock: Using msrs 4b564d01 and 4b564d00
[    0.000000] kvm-clock: cpu 0, msr 0:3ffe3001, primary cpu clock
[    0.000000] kvm-clock: using sched offset of 6610025773 cycles
[    0.000000] clocksource: kvm-clock: mask: 0xffffffffffffffff max_cycles: 0x1cd42e4dffb, max_idle_ns: 881590591483 ns
[    0.000000] Zone ranges:
[    0.000000]   DMA      [mem 0x0000000000001000-0x0000000000ffffff]
[    0.000000]   DMA32    [mem 0x0000000001000000-0x000000003ffeffff]
[    0.000000]   Normal   empty
[    0.000000]   Device   empty
[    0.000000] Movable zone start for each node
[    0.000000] Early memory node ranges
[    0.000000]   node   0: [mem 0x0000000000001000-0x000000000009efff]
[    0.000000]   node   0: [mem 0x0000000000100000-0x000000003ffeffff]
[    0.000000] Initmem setup node 0 [mem 0x0000000000001000-0x000000003ffeffff]
[    0.000000] ACPI: PM-Timer IO Port: 0x4008
[    0.000000] IOAPIC[0]: apic_id 2, version 32, address 0xfec00000, GSI 0-23
[    0.000000] ACPI: INT_SRC_OVR (bus 0 bus_irq 0 global_irq 2 dfl dfl)
[    0.000000] ACPI: INT_SRC_OVR (bus 0 bus_irq 9 global_irq 9 low level)
[    0.000000] Using ACPI (MADT) for SMP configuration information
[    0.000000] smpboot: Allowing 2 CPUs, 0 hotplug CPUs
[    0.000000] PM: Registered nosave memory: [mem 0x00000000-0x00000fff]
[    0.000000] PM: Registered nosave memory: [mem 0x0009f000-0x0009ffff]
[    0.000000] PM: Registered nosave memory: [mem 0x000a0000-0x000effff]
[    0.000000] PM: Registered nosave memory: [mem 0x000f0000-0x000fffff]
[    0.000000] e820: [mem 0x40000000-0xfebfffff] available for PCI devices
[    0.000000] Booting paravirtualized kernel on KVM
[    0.000000] clocksource: refined-jiffies: mask: 0xffffffff max_cycles: 0xffffffff, max_idle_ns: 7645519600211568 ns
[    0.000000] setup_percpu: NR_CPUS:512 nr_cpumask_bits:512 nr_cpu_ids:2 nr_node_ids:1
[    0.000000] PERCPU: Embedded 33 pages/cpu @ffff88003fc00000 s95512 r8192 d31464 u1048576
[    0.000000] Built 1 zonelists in Node order, mobility grouping on.  Total pages: 257912
[    0.000000] Policy zone: DMA32
[    0.000000] Kernel command line: BOOT_IMAGE=/boot/vmlinuz-4.4.0-193-generic root=UUID=8b4521ed-e76e-42dd-b204-962cf3cf52b3 ro console=tty1 console=ttyS0
[    0.000000] PID hash table entries: 4096 (order: 3, 32768 bytes)
[    0.000000] Memory: 997108K/1048120K available (8640K kernel code, 1337K rwdata, 4040K rodata, 1492K init, 1296K bss, 51012K reserved, 0K cma-reserved)
[    0.000000] SLUB: HWalign=64, Order=0-3, MinObjects=0, CPUs=2, Nodes=1
[    0.000000] Kernel/User page tables isolation: enabled
[    0.000000] Hierarchical RCU implementation.
[    0.000000] 	Build-time adjustment of leaf fanout to 64.
[    0.000000] 	RCU restricting CPUs from NR_CPUS=512 to nr_cpu_ids=2.
[    0.000000] RCU: Adjusting geometry for rcu_fanout_leaf=64, nr_cpu_ids=2
[    0.000000] NR_IRQS:33024 nr_irqs:440 16
[    0.000000] Console: colour VGA+ 80x25
[    0.000000] console [tty1] enabled
[    0.000000] console [ttyS0] enabled
[    0.000000] tsc: Detected 2693.860 MHz processor
[    0.290018] Calibrating delay loop (skipped) preset value.. 5387.72 BogoMIPS (lpj=10775440)
[    0.294057] pid_max: default: 32768 minimum: 301
[    0.296246] ACPI: Core revision 20150930
[    0.299001] ACPI: 2 ACPI AML tables successfully acquired and loaded
[    0.302177] Security Framework initialized
[    0.304203] Yama: becoming mindful.
[    0.305899] AppArmor: AppArmor initialized
[    0.307934] Dentry cache hash table entries: 131072 (order: 8, 1048576 bytes)
[    0.312868] Inode-cache hash table entries: 65536 (order: 7, 524288 bytes)
[    0.316190] Mount-cache hash table entries: 2048 (order: 2, 16384 bytes)
[    0.319224] Mountpoint-cache hash table entries: 2048 (order: 2, 16384 bytes)
[    0.322616] Initializing cgroup subsys io
[    0.324612] Initializing cgroup subsys memory
[    0.326711] Initializing cgroup subsys devices
[    0.328976] Initializing cgroup subsys freezer
[    0.331112] Initializing cgroup subsys net_cls
[    0.333361] Initializing cgroup subsys perf_event
[    0.335614] Initializing cgroup subsys net_prio
[    0.337784] Initializing cgroup subsys hugetlb
[    0.339896] Initializing cgroup subsys pids
[    0.342351] mce: CPU supports 0 MCE banks
[    0.344316] Last level iTLB entries: 4KB 512, 2MB 8, 4MB 8
[    0.346936] Last level dTLB entries: 4KB 512, 2MB 32, 4MB 32, 1GB 0
[    0.349852] Spectre V1 : Mitigation: usercopy/swapgs barriers and __user pointer sanitization
[    0.353896] Spectre V2 : Mitigation: Full generic retpoline
[    0.356513] Spectre V2 : Spectre v2 / SpectreRSB mitigation: Filling RSB on context switch
[    0.360378] Speculative Store Bypass: Vulnerable
[    0.362593] SRBDS: Unknown: Dependent on hypervisor status
[    0.365374] MDS: Mitigation: Clear CPU buffers
[    0.370768] Freeing SMP alternatives memory: 36K
[    0.380170] ftrace: allocating 32346 entries in 127 pages
[    0.449284] smpboot: APIC(0) Converting physical 0 to logical package 0
[    0.452636] smpboot: Max logical packages: 1
[    0.455079] x2apic enabled
[    0.456872] Switched APIC routing to physical x2apic.
[    0.460662] ..TIMER: vector=0x30 apic1=0 pin1=2 apic2=-1 pin2=-1
[    0.572144] smpboot: CPU0: Intel(R) Core(TM) i5-3330S CPU @ 2.70GHz (family: 0x6, model: 0x3a, stepping: 0x9)
[    0.578017] Performance Events: unsupported p6 CPU model 58 no PMU driver, software events only.
[    0.597066] KVM setup paravirtual spinlock
[    0.599879] x86: Booting SMP configuration:
[    0.602079] .... node  #0, CPUs:      #1
[    0.604299] kvm-clock: cpu 1, msr 0:3ffe3041, secondary cpu clock
[    0.607487] mce: CPU supports 0 MCE banks
[    0.611670] x86: Booted up 1 node, 2 CPUs
[    0.613840] smpboot: Total of 2 processors activated (10775.44 BogoMIPS)
[    0.617621] devtmpfs: initialized
[    0.621002] evm: security.selinux
[    0.622697] evm: security.SMACK64
[    0.624467] evm: security.SMACK64EXEC
[    0.626273] evm: security.SMACK64TRANSMUTE
[    0.628418] evm: security.SMACK64MMAP
[    0.630232] evm: security.ima
[    0.631908] evm: security.capability
[    0.633916] clocksource: jiffies: mask: 0xffffffff max_cycles: 0xffffffff, max_idle_ns: 7645041785100000 ns
[    0.638503] futex hash table entries: 512 (order: 3, 32768 bytes)
[    0.641680] pinctrl core: initialized pinctrl subsystem
[    0.644312] RTC time:  2:21:42, date: 11/01/20
[    0.646727] NET: Registered protocol family 16
[    0.660456] cpuidle: using governor ladder
[    0.672833] cpuidle: using governor menu
[    0.674873] PCCT header not found.
[    0.676757] ACPI: bus type PCI registered
[    0.678672] acpiphp: ACPI Hot Plug PCI Controller Driver version: 0.5
[    0.681929] PCI: Using configuration type 1 for base access
[    0.697181] ACPI: Added _OSI(Module Device)
[    0.699422] ACPI: Added _OSI(Processor Device)
[    0.701594] ACPI: Added _OSI(3.0 _SCP Extensions)
[    0.703956] ACPI: Added _OSI(Processor Aggregator Device)
[    0.707591] ACPI: Executed 1 blocks of module-level executable AML code
[    0.713121] ACPI: Interpreter enabled
[    0.715045] ACPI: (supports S0 S5)
[    0.716832] ACPI: Using IOAPIC for interrupt routing
[    0.719347] PCI: Using host bridge windows from ACPI; if necessary, use "pci=nocrs" and report a bug
[    0.729274] ACPI: PCI Root Bridge [PCI0] (domain 0000 [bus 00-ff])
[    0.732570] acpi PNP0A03:00: _OSC: OS supports [ASPM ClockPM Segments MSI]
[    0.736135] acpi PNP0A03:00: _OSC: not requesting OS control; OS requires [ExtendedConfig ASPM ClockPM MSI]
[    0.740817] acpi PNP0A03:00: fail to add MMCONFIG information, can't access extended PCI configuration space under this bridge.
[    0.746827] PCI host bridge to bus 0000:00
[    0.749043] pci_bus 0000:00: root bus resource [io  0x0000-0x0cf7 window]
[    0.752322] pci_bus 0000:00: root bus resource [io  0x0d00-0xffff window]
[    0.755401] pci_bus 0000:00: root bus resource [mem 0x000a0000-0x000bffff window]
[    0.758995] pci_bus 0000:00: root bus resource [mem 0x40000000-0xfdffffff window]
[    0.762680] pci_bus 0000:00: root bus resource [bus 00-ff]
[    0.769218] pci 0000:00:01.1: legacy IDE quirk: reg 0x10: [io  0x01f0-0x01f7]
[    0.772696] pci 0000:00:01.1: legacy IDE quirk: reg 0x14: [io  0x03f6]
[    0.775638] pci 0000:00:01.1: legacy IDE quirk: reg 0x18: [io  0x0170-0x0177]
[    0.788885] pci 0000:00:01.1: legacy IDE quirk: reg 0x1c: [io  0x0376]
[    0.812058] pci 0000:00:07.0: quirk: [io  0x4000-0x403f] claimed by PIIX4 ACPI
[    0.815871] pci 0000:00:07.0: quirk: [io  0x4100-0x410f] claimed by PIIX4 SMB
[    0.831779] ACPI: PCI Interrupt Link [LNKA] (IRQs 5 9 10 *11)
[    0.835747] ACPI: PCI Interrupt Link [LNKB] (IRQs 5 9 *10 11)
[    0.839250] ACPI: PCI Interrupt Link [LNKC] (IRQs 5 *9 10 11)
[    0.842797] ACPI: PCI Interrupt Link [LNKD] (IRQs 5 9 10 *11)
[    0.846339] ACPI: Enabled 2 GPEs in block 00 to 07
[    0.849418] vgaarb: setting as boot device: PCI:0000:00:02.0
[    0.852384] vgaarb: device added: PCI:0000:00:02.0,decodes=io+mem,owns=io+mem,locks=none
[    0.856781] vgaarb: loaded
[    0.858350] vgaarb: bridge control possible 0000:00:02.0
[    0.861493] SCSI subsystem initialized
[    0.863672] ACPI: bus type USB registered
[    0.865635] usbcore: registered new interface driver usbfs
[    0.868312] usbcore: registered new interface driver hub
[    0.870784] usbcore: registered new device driver usb
[    0.873781] PCI: Using ACPI for IRQ routing
[    0.878047] NetLabel: Initializing
[    0.879848] NetLabel:  domain hash size = 128
[    0.881962] NetLabel:  protocols = UNLABELED CIPSOv4
[    0.884559] NetLabel:  unlabeled traffic allowed by default
[    0.887416] amd_nb: Cannot enumerate AMD northbridges
[    0.889941] clocksource: Switched to clocksource kvm-clock
[    0.902172] AppArmor: AppArmor Filesystem Enabled
[    0.904508] pnp: PnP ACPI init
[    0.907585] pnp: PnP ACPI: found 3 devices
[    0.921267] clocksource: acpi_pm: mask: 0xffffff max_cycles: 0xffffff, max_idle_ns: 2085701024 ns
[    0.925617] NET: Registered protocol family 2
[    0.927902] TCP established hash table entries: 8192 (order: 4, 65536 bytes)
[    0.931154] TCP bind hash table entries: 8192 (order: 5, 131072 bytes)
[    0.934139] TCP: Hash tables configured (established 8192 bind 8192)
[    0.937076] UDP hash table entries: 512 (order: 2, 16384 bytes)
[    0.939891] UDP-Lite hash table entries: 512 (order: 2, 16384 bytes)
[    0.942895] NET: Registered protocol family 1
[    0.944993] pci 0000:00:00.0: Limiting direct PCI/PCI transfers
[    0.947733] pci 0000:00:01.0: Activating ISA DMA hang workarounds
[    0.950820] Unpacking initramfs...
[    1.228086] Freeing initrd memory: 15436K
[    1.231128] RAPL PMU detected, API unit is 2^-32 Joules, 3 fixed counters 10737418240 ms ovfl timer
[    1.236749] hw unit of domain pp0-core 2^-0 Joules
[    1.239334] hw unit of domain package 2^-0 Joules
[    1.244726] hw unit of domain pp1-gpu 2^-0 Joules
[    1.250197] clocksource: tsc: mask: 0xffffffffffffffff max_cycles: 0x26d495e7549, max_idle_ns: 440795226485 ns
[    1.256766] platform rtc_cmos: registered platform RTC device (no PNP device found)
[    1.261878] Scanning for low memory corruption every 60 seconds
[    1.268122] audit: initializing netlink subsys (disabled)
[    1.272299] audit: type=2000 audit(1604197310.537:1): initialized
[    1.279406] Initialise system trusted keyring
[    1.282726] HugeTLB registered 2 MB page size, pre-allocated 0 pages
[    1.288962] zbud: loaded
[    1.290881] VFS: Disk quotas dquot_6.6.0
[    1.293045] VFS: Dquot-cache hash table entries: 512 (order 0, 4096 bytes)
[    1.296473] squashfs: version 4.0 (2009/01/31) Phillip Lougher
[    1.299752] fuse init (API version 7.23)
[    1.301925] Key type big_key registered
[    1.303848] Allocating IMA MOK and blacklist keyrings.
[    1.307819] Key type asymmetric registered
[    1.309819] Asymmetric key parser 'x509' registered
[    1.312387] Block layer SCSI generic (bsg) driver version 0.4 loaded (major 249)
[    1.316192] io scheduler noop registered
[    1.318173] io scheduler deadline registered (default)
[    1.320751] io scheduler cfq registered
[    1.323021] pci_hotplug: PCI Hot Plug PCI Core version: 0.5
[    1.325635] pciehp: PCI Express Hot Plug Controller Driver version: 0.4
[    1.329040] ACPI: AC Adapter [AC] (on-line)
[    1.331236] input: Power Button as /devices/LNXSYSTM:00/LNXPWRBN:00/input/input0
[    1.334796] ACPI: Power Button [PWRF]
[    1.336784] input: Sleep Button as /devices/LNXSYSTM:00/LNXSLPBN:00/input/input1
[    1.340420] ACPI: Sleep Button [SLPF]
[    1.342795] GHES: HEST is not enabled!
[    1.344936] Serial: 8250/16550 driver, 32 ports, IRQ sharing enabled
[    1.368995] 00:02: ttyS0 at I/O 0x3f8 (irq = 4, base_baud = 115200) is a 16550A
[    1.379113] Linux agpgart interface v0.103
[    1.385757] loop: module loaded
[    1.388457] scsi host0: ata_piix
[    1.390442] scsi host1: ata_piix
[    1.392184] ata1: PATA max UDMA/33 cmd 0x1f0 ctl 0x3f6 bmdma 0xd000 irq 14
[    1.395568] ata2: PATA max UDMA/33 cmd 0x170 ctl 0x376 bmdma 0xd008 irq 15
[    1.399264] libphy: Fixed MDIO Bus: probed
[    1.402086] tun: Universal TUN/TAP device driver, 1.6
[    1.404943] tun: (C) 1999-2004 Max Krasnyansky <maxk@qualcomm.com>
[    1.408551] PPP generic driver version 2.4.2
[    1.410955] ehci_hcd: USB 2.0 'Enhanced' Host Controller (EHCI) Driver
[    1.414509] ehci-pci: EHCI PCI platform driver
[    1.416947] ehci-platform: EHCI generic platform driver
[    1.419798] ohci_hcd: USB 1.1 'Open' Host Controller (OHCI) Driver
[    1.423003] ohci-pci: OHCI PCI platform driver
[    1.425576] ohci-platform: OHCI generic platform driver
[    1.428368] uhci_hcd: USB Universal Host Controller Interface driver
[    1.432082] i8042: PNP: PS/2 Controller [PNP0303:PS2K,PNP0f03:PS2M] at 0x60,0x64 irq 1,12
[    1.437133] serio: i8042 KBD port at 0x60,0x64 irq 1
[    1.439746] serio: i8042 AUX port at 0x60,0x64 irq 12
[    1.443094] mousedev: PS/2 mouse device common for all mice
[    1.446613] input: AT Translated Set 2 keyboard as /devices/platform/i8042/serio0/input/input2
[    1.452123] rtc_cmos rtc_cmos: rtc core: registered rtc_cmos as rtc0
[    1.455485] rtc_cmos rtc_cmos: alarms up to one day, 114 bytes nvram
[    1.459307] i2c /dev entries driver
[    1.461573] device-mapper: uevent: version 1.0.3
[    1.464584] device-mapper: ioctl: 4.34.0-ioctl (2015-10-28) initialised: dm-devel@redhat.com
[    1.469669] ledtrig-cpu: registered to indicate activity on CPUs
[    1.473928] NET: Registered protocol family 10
[    1.476932] NET: Registered protocol family 17
[    1.479635] Key type dns_resolver registered
[    1.482789] registered taskstats version 1
[    1.485152] Loading compiled-in X.509 certificates
[    1.489044] Loaded X.509 cert 'Build time autogenerated kernel key: 399ad61e9457a71f6b31060684c17f14836880c9'
[    1.494771] zswap: loaded using pool lzo/zbud
[    1.500979] Key type trusted registered
[    1.509277] Key type encrypted registered
[    1.511646] AppArmor: AppArmor sha1 policy hashing enabled
[    1.514889] ima: No TPM chip found, activating TPM-bypass!
[    1.517742] ima: Allocated hash algorithm: sha1
[    1.520515] evm: HMAC attrs: 0x1
[    1.523425]   Magic number: 12:137:358
[    1.525741] rtc_cmos rtc_cmos: setting system clock to 2020-11-01 02:21:43 UTC (1604197303)
[    1.531038] BIOS EDD facility v0.16 2004-Jun-25, 0 devices found
[    1.534506] EDD information not available.
[    1.582204] Freeing unused kernel memory: 1492K
[    1.584932] Write protecting the kernel read-only data: 14336k
[    1.588941] Freeing unused kernel memory: 1588K
[    1.592014] Freeing unused kernel memory: 56K
Loading, please wait...
starting version 229
[    1.619846] random: systemd-udevd: uninitialized urandom read (16 bytes read, 2 bits of entropy available)
[    1.620958] random: udevadm: uninitialized urandom read (16 bytes read, 2 bits of entropy available)
[    1.621020] random: udevadm: uninitialized urandom read (16 bytes read, 2 bits of entropy available)
[    1.649790] random: udevadm: uninitialized urandom read (16 bytes read, 2 bits of entropy available)
[    1.650154] random: udevadm: uninitialized urandom read (16 bytes read, 2 bits of entropy available)
[    1.650811] random: udevadm: uninitialized urandom read (16 bytes read, 2 bits of entropy available)
[    1.650987] random: udevadm: uninitialized urandom read (16 bytes read, 2 bits of entropy available)
[    1.651306] random: udevadm: uninitialized urandom read (16 bytes read, 2 bits of entropy available)
[    1.651608] random: udevadm: uninitialized urandom read (16 bytes read, 2 bits of entropy available)
[    1.651747] random: udevadm: uninitialized urandom read (16 bytes read, 2 bits of entropy available)
[    1.821249] e1000: Intel(R) PRO/1000 Network Driver - version 7.3.21-k8-NAPI
[    1.824912] e1000: Copyright (c) 1999-2006 Intel Corporation.
[    1.832975] Fusion MPT base driver 3.04.20
[    1.835286] Copyright (c) 1999-2008 LSI Corporation
[    1.843242] Fusion MPT SPI Host driver 3.04.20
[    1.868972] AVX version of gcm_enc/dec engaged.
[    1.871739] AES CTR mode by8 optimization enabled
[    2.055736] input: ImExPS/2 Generic Explorer Mouse as /devices/platform/i8042/serio1/input/input4
[    2.324895] e1000 0000:00:03.0 eth0: (PCI:33MHz:32-bit) 02:98:c6:81:17:55
[    2.328187] e1000 0000:00:03.0 eth0: Intel(R) PRO/1000 Network Connection
[    2.332351] mptbase: ioc0: Initiating bringup
[    2.398285] ioc0: LSI53C1030 A0: Capabilities={Initiator}
[    2.560816] scsi host2: ioc0: LSI53C1030 A0, FwRev=00000000h, Ports=1, MaxQ=256, IRQ=20
[    2.675210] scsi 2:0:0:0: Direct-Access     VBOX     HARDDISK         1.0  PQ: 0 ANSI: 5
[    2.679108] scsi target2:0:0: Beginning Domain Validation
[    2.685217] scsi target2:0:0: Domain Validation skipping write tests
[    2.688240] scsi target2:0:0: Ending Domain Validation
[    2.690857] scsi target2:0:0: asynchronous
[    2.693881] scsi 2:0:1:0: Direct-Access     VBOX     HARDDISK         1.0  PQ: 0 ANSI: 5
[    2.707566] scsi target2:0:1: Beginning Domain Validation
[    2.712849] scsi target2:0:1: Domain Validation skipping write tests
[    2.715684] scsi target2:0:1: Ending Domain Validation
[    2.729192] scsi target2:0:1: asynchronous
[    2.775112] sd 2:0:0:0: Attached scsi generic sg0 type 0
[    2.778360] sd 2:0:1:0: Attached scsi generic sg1 type 0
[    2.781305] sd 2:0:0:0: [sda] 20971520 512-byte logical blocks: (10.7 GB/10.0 GiB)
[    2.785279] sd 2:0:1:0: [sdb] 20480 512-byte logical blocks: (10.5 MB/10.0 MiB)
[    2.789074] sd 2:0:0:0: [sda] Write Protect is off
[    2.791883] sd 2:0:0:0: [sda] Incomplete mode parameter data
[    2.794576] sd 2:0:0:0: [sda] Assuming drive cache: write through
[    2.797465] sd 2:0:1:0: [sdb] Write Protect is off
[    2.800661] sd 2:0:1:0: [sdb] Incomplete mode parameter data
[    2.803706] sd 2:0:1:0: [sdb] Assuming drive cache: write through
[    2.810731]  sda: sda1
[    2.820528] sd 2:0:0:0: [sda] Attached SCSI disk
[    2.825300] sd 2:0:1:0: [sdb] Attached SCSI disk
[    3.169514] e1000 0000:00:08.0 eth1: (PCI:33MHz:32-bit) 08:00:27:a4:9a:ae
[    3.172852] e1000 0000:00:08.0 eth1: Intel(R) PRO/1000 Network Connection
[    3.177168] e1000 0000:00:03.0 enp0s3: renamed from eth0
[    3.190698] e1000 0000:00:08.0 enp0s8: renamed from eth1
Begin: Loading essential drivers ... [    4.554467] md: linear personality registered for level -1
[    4.561186] md: multipath personality registered for level -4
[    4.568133] md: raid0 personality registered for level 0
[    4.577030] md: raid1 personality registered for level 1
[    4.650371] raid6: sse2x1   gen()  7302 MB/s
[    4.718190] raid6: sse2x1   xor()  5724 MB/s
[    4.786446] raid6: sse2x2   gen()  9361 MB/s
[    4.854185] raid6: sse2x2   xor()  6640 MB/s
[    4.922611] raid6: sse2x4   gen() 12306 MB/s
[    5.001717] raid6: sse2x4   xor() 10140 MB/s
[    5.003753] raid6: using algorithm sse2x4 gen() 12306 MB/s
[    5.006079] raid6: .... xor() 10140 MB/s, rmw enabled
[    5.008270] raid6: using ssse3x2 recovery algorithm
[    5.012202] xor: automatically using best checksumming function:
[    5.054151]    avx       : 22699.000 MB/sec
[    5.057757] async_tx: api initialized (async)
[    5.074543] md: raid6 personality registered for level 6
[    5.077056] md: raid5 personality registered for level 5
[    5.079545] md: raid4 personality registered for level 4
[    5.090907] md: raid10 personality registered for level 10
done.
Begin: Running /scripts/init-premount ... done.
Begin: Mounting root file system ... Begin: Running /scripts/local-top ... done.
Begin: Running /scripts/local-premount ... [    5.127116] Btrfs loaded
Scanning for Btrfs filesystems
done.
Warning: fsck not present, so skipping root file system
[    5.203653] EXT4-fs (sda1): INFO: recovery required on readonly filesystem
[    5.206969] EXT4-fs (sda1): write access will be enabled during recovery
[    5.657772] EXT4-fs (sda1): orphan cleanup on readonly fs
[    5.660194] EXT4-fs (sda1): 3 orphan inodes deleted
[    5.662562] EXT4-fs (sda1): recovery complete
[    5.665609] EXT4-fs (sda1): mounted filesystem with ordered data mode. Opts: (null)
done.
Begin: Running /scripts/local-bottom ... done.
Begin: Running /scripts/init-bottom ... done.
[    6.285742] systemd[1]: systemd 229 running in system mode. (+PAM +AUDIT +SELINUX +IMA +APPARMOR +SMACK +SYSVINIT +UTMP +LIBCRYPTSETUP +GCRYPT +GNUTLS +ACL +XZ -LZ4 +SECCOMP +BLKID +ELFUTILS +KMOD -IDN)
[    6.294272] systemd[1]: Detected virtualization oracle.
[    6.296727] systemd[1]: Detected architecture x86-64.

Welcome to [1mUbuntu 16.04.7 LTS[0m!

[    6.313537] systemd[1]: Set hostname to <convert>.
[    6.917857] systemd[1]: Listening on Journal Socket.
[[0;32m  OK  [0m] Listening on Journal Socket.
[    6.921770] systemd[1]: Listening on Journal Audit Socket.
[[0;32m  OK  [0m] Listening on Journal Audit Socket.
[    6.930715] systemd[1]: Reached target System Time Synchronized.
[[0;32m  OK  [0m] Reached target System Time Synchronized.
[    6.942735] systemd[1]: Listening on Device-mapper event daemon FIFOs.
[[0;32m  OK  [0m] Listening on Device-mapper event daemon FIFOs.
[    6.954461] systemd[1]: Set up automount Arbitrary Executable File Formats File System Automount Point.
[[0;32m  OK  [0m] Set up automount Arbitrary Executab...ats File System Automount Point.
[    6.961352] systemd[1]: Listening on udev Kernel Socket.
[[0;32m  OK  [0m] Listening on udev Kernel Socket.
[    6.965265] systemd[1]: Reached target Encrypted Volumes.
[[0;32m  OK  [0m] Reached target Encrypted Volumes.
[    6.969779] systemd[1]: Reached target User and Group Name Lookups.
[[0;32m  OK  [0m] Reached target User and Group Name Lookups.
[    6.974887] systemd[1]: Listening on /dev/initctl Compatibility Named Pipe.
[[0;32m  OK  [0m] Listening on /dev/initctl Compatibility Named Pipe.
[    6.979925] systemd[1]: Created slice System Slice.
[[0;32m  OK  [0m] Created slice System Slice.
[    6.994337] systemd[1]: Starting Remount Root and Kernel File Systems...
         Starting Remount Root and Kernel File Systems...
[    6.999821] systemd[1]: Created slice system-serial\x2dgetty.slice.
[[0;32m  OK  [0m] Created slice system-serial\x2dgetty.slice.
[    7.006638] systemd[1]: Starting Create list of required static device nodes for the current kernel...
         Starting Create list of required st... nodes for the current kernel...
[    7.024360] systemd[1]: Starting Set console keymap...
         Starting Set console keymap...
[    7.030694] systemd[1]: Starting Nameserver information manager...
         Starting Nameserver information manager...
[    7.037366] systemd[1]: Mounting Debug File System...
         Mounting Debug File System...
[    7.053009] EXT4-fs (sda1): re-mounted. Opts: (null)
[    7.056375] systemd[1]: Starting Load Kernel Modules...
         Starting Load Kernel Modules...
[    7.061933] systemd[1]: Mounting Huge Pages File System...
         Mounting Huge Pages File System...
[    7.068535] systemd[1]: Mounting POSIX Message Queue File System...
         Mounting POSIX Message Queue File System...
[    7.075766] systemd[1]: Started Forward Password Requests to Wall Directory Watch.
[[0;32m  OK  [0m] Started Forward Password Requests to Wall Directory Watch.
[    7.082629] systemd[1]: Reached target Swap.
[[0;32m  OK  [0m] Reached target Swap.
[    7.086898] systemd[1]: Listening on LVM2 poll daemon socket.
[[0;32m  OK  [0m] Listening on LVM2 poll daemon socket.
[    7.092087] systemd[1]: Listening on Journal Socket (/dev/log).
[[0;32m  OK  [0m] Listening on Journal Socket (/dev/log).
[    7.097842] systemd[1]: Started Trigger resolvconf update for networkd DNS.
[[0;32m  OK  [0m] Started Trigger resolvconf update for networkd DNS.
[    7.110413] systemd[1]: Listening on udev Control Socket.
[[0;32m  OK  [0m] Listening on udev Control Socket.
[    7.115343] systemd[1]: Listening on LVM2 metadata daemon socket.
[[0;32m  OK  [0m] Listening on LVM2 metadata daemon socket.
[    7.135075] Loading iSCSI transport class v2.0-870.
[    7.138530] systemd[1]: Starting Monitoring of LVM2 mirrors, snapshots etc. using dmeventd or progress polling...
         Starting Monitoring of LVM2 mirrors... dmeventd or progress polling...
[    7.149686] systemd[1]: Listening on Syslog Socket.
[[0;32m  OK  [0m] Listening on Syslog Socket.
[    7.156466] systemd[1]: Starting Journal Service...
         Starting Journal Service...
[    7.165323] systemd[1]: Created slice User and Session Slice.
[    7.173011] iscsi: registered transport (tcp)
[[0;32m  OK  [0m] Created slice User and Session Slice.
[    7.178570] systemd[1]: Reached target Slices.
[[0;32m  OK  [0m] Reached target Slices.
[    7.202637] systemd[1]: Starting Uncomplicated firewall...
         Starting Uncomplicated firewall...
[    7.222722] systemd[1]: Mounted Huge Pages File System.
[[0;32m  OK  [0m] Mounted Huge Pages File System.
[    7.230386] systemd[1]: Mounted POSIX Message Queue File System.
[[0;32m  OK  [0m] Mounted POSIX Message Queue File System.
[    7.241573] systemd[1]: Mounted Debug File System.
[[0;32m  OK  [0m] Mounted Debug File System.
[    7.246236] systemd[1]: Started Remount Root and Kernel File Systems.
[[0;32m  OK  [0m] Started Remount Root and Kernel File Systems.
[    7.257617] systemd[1]: Started Create list of required static device nodes for the current kernel.
[[0;32m  OK  [0m] Started Create list of required sta...ce nodes for the current kernel.
[    7.265293] systemd[1]: Started Set console keymap.
[[0;32m  OK  [0m] Started Set console keymap.
[    7.287728] iscsi: registered transport (iser)
[    7.303194] systemd[1]: Started Load Kernel Modules.
[[0;32m  OK  [0m] Started Load Kernel Modules.
[    7.308828] systemd[1]: Started Uncomplicated firewall.
[[0;32m  OK  [0m] Started Uncomplicated firewall.
[    7.319209] systemd[1]: Started Nameserver information manager.
[[0;32m  OK  [0m] Started Nameserver information manager.
[    7.326462] systemd[1]: Started Journal Service.
[[0;32m  OK  [0m] Started Journal Service.
[[0;32m  OK  [0m] Started LVM2 metadata daemon.
         Starting Apply Kernel Variables...
         Mounting FUSE Control File System...
         Starting Create Static Device Nodes in /dev...
         Starting Flush Journal to Persistent Storage...
         Starting udev Coldplug all Devices...
         Starting Load/Save Random Seed...
[[0;32m  OK  [0m] Mounted FUSE Control File System.
[    7.407071] systemd-journald[407]: Received request to flush runtime journal from PID 1
[[0;32m  OK  [0m] Started Apply Kernel Variables.
[[0;32m  OK  [0m] Started Flush Journal to Persistent Storage.
[[0;32m  OK  [0m] Started Load/Save Random Seed.
[[0;32m  OK  [0m] Started udev Coldplug all Devices.
[[0;32m  OK  [0m] Started Create Static Device Nodes in /dev.
         Starting udev Kernel Device Manager...
[[0;32m  OK  [0m] Started udev Kernel Device Manager.
[[0;32m  OK  [0m] Started Dispatch Password Requests to Console Directory Watch.
[[0;32m  OK  [0m] Found device /dev/ttyS0.
[[0;32m  OK  [0m] Started Monitoring of LVM2 mirrors,...ng dmeventd or progress polling.
[[0;32m  OK  [0m] Reached target Local File Systems (Pre).
[[0;32m  OK  [0m] Reached target Local File Systems.
         Starting Create Volatile Files and Directories...
         Starting LSB: AppArmor initialization...
         Starting Initial cloud-init job (pre-networking)...
         Starting Set console font and keymap...
         Starting Tell Plymouth To Write Out Runtime Data...
[[0;32m  OK  [0m] Listening on Load/Save RF Kill Switch Status /dev/rfkill Watch.
[[0;32m  OK  [0m] Started Create Volatile Files and Directories.
         Starting Update UTMP about System Boot/Shutdown...
[[0;32m  OK  [0m] Started Tell Plymouth To Write Out Runtime Data.
[[0;32m  OK  [0m] Started Update UTMP about System Boot/Shutdown.
[[0;32m  OK  [0m] Found device 82540EM Gigabit Ethern...r (PRO/1000 MT Desktop Adapter).
[[0;32m  OK  [0m] Found device 82540EM Gigabit Ethern...r (PRO/1000 MT Desktop Adapter).
[[0;32m  OK  [0m] Started Set console font and keymap.
[[0;32m  OK  [0m] Created slice system-getty.slice.
[[0;32m  OK  [0m] Started LSB: AppArmor initialization.
         Starting Load AppArmor profiles managed internally by snapd...
[[0;32m  OK  [0m] Started Load AppArmor profiles managed internally by snapd.
[   10.038733] cloud-init[524]: Cloud-init v. 20.2-45-g5f7825e2-0ubuntu1~16.04.1 running 'init-local' at Sun, 01 Nov 2020 02:21:51 +0000. Up 9.58 seconds.
[[0;32m  OK  [0m] Started Initial cloud-init job (pre-networking).
[[0;32m  OK  [0m] Reached target Network (Pre).
         Starting Raise network interfaces...
[[0;32m  OK  [0m] Started ifup for enp0s8.
[[0;32m  OK  [0m] Started ifup for enp0s3.
[[0;32m  OK  [0m] Started Raise network interfaces.
[[0;32m  OK  [0m] Reached target Network.
         Starting Initial cloud-init job (metadata service crawler)...
[   11.148189] cloud-init[1090]: Cloud-init v. 20.2-45-g5f7825e2-0ubuntu1~16.04.1 running 'init' at Sun, 01 Nov 2020 02:21:53 +0000. Up 10.70 seconds.
[   11.156810] cloud-init[1090]: ci-info: ++++++++++++++++++++++++++++++++++++++Net device info+++++++++++++++++++++++++++++++++++++++
[   11.164667] cloud-init[1090]: ci-info: +--------+------+-----------------------------+---------------+--------+-------------------+
[   11.172621] cloud-init[1090]: ci-info: | Device |  Up  |           Address           |      Mask     | Scope  |     Hw-Address    |
[   11.180776] cloud-init[1090]: ci-info: +--------+------+-----------------------------+---------------+--------+-------------------+
[   11.188736] cloud-init[1090]: ci-info: | enp0s3 | True |          10.0.2.15          | 255.255.255.0 | global | 02:98:c6:81:17:55 |
[   11.196611] cloud-init[1090]: ci-info: | enp0s3 | True |  fe80::98:c6ff:fe81:1755/64 |       .       |  link  | 02:98:c6:81:17:55 |
[   11.204666] cloud-init[1090]: ci-info: | enp0s8 | True |         192.168.2.13        | 255.255.255.0 | global | 08:00:27:a4:9a:ae |
[   11.212537] cloud-init[1090]: ci-info: | enp0s8 | True | fe80::a00:27ff:fea4:9aae/64 |       .       |  link  | 08:00:27:a4:9a:ae |
[   11.220729] cloud-init[1090]: ci-info: |   lo   | True |          127.0.0.1          |   255.0.0.0   |  host  |         .         |
[   11.223443] cloud-init[1090]: ci-info: |   lo   | True |           ::1/128           |       .       |  host  |         .         |
[[0;32m  OK  [0m] Started Initial cloud-init job (metadata service crawler).
[[0;32m  OK  [0m] Reached target Cloud-config availability.
[[0;32m  OK  [0m] Reached target Network is Online.
[   11.237335] cloud-init[1090]: ci-info: +--------+------+-----------------------------+---------------+--------+-------------------+
[   11.248649] cloud-init[1090]: ci-info: +++++++++++++++++++++++++++Route IPv4 info++++++++++++++++++++++++++++
[   11.250480] cloud-init[1090]: ci-info: +-------+-------------+----------+---------------+-----------+-------+
[   11.260877]          Starting iSCSI initiator daemon (iscsid)...
[cloud-init[0;32m  OK  [0m[1090]: ] ci-info: | Route | Destination | Gateway  |    Genmask    | Interface | Flags |Reached target System Initialization.

[[0;32m  OK  [0m[   11.263753] cloud-init[1090]: ci-info: +-------+-------------+----------+---------------+-----------+-------+
] Listening on UUID daemon activation socket.
[   11.265340] cloud-init[1090]: ci-info: |   0   |   0.0.0.0   | 10.0.2.2 |    0.0.0.0    |   enp0s3  |   UG  |
[   11.270589] cloud-init[1090]: ci-info: |   1   |   10.0.2.0  | 0.0.0.0  | 255.255.255.0 |   enp0s3  |   U   |
[   11.273203] cloud-init[1090]: ci-info: |   2   | 192.168.2.0 | 0.0.0.0  | 255.255.255.0 |   enp0s8  |   U   |
[   11.280404] cloud-init[1090]: ci-info: +-------+-------------+----------+---------------+-----------+-------+
[   11.288329] cloud-init[1090]: ci-info: +++++++++++++++++++Route IPv6 info+++++++++++++++++++
[   11.288687] cloud-init[1090]: ci-info: +-------+-------------+---------+-----------+-------+
[[0;32m  OK  [0m] Started Daily apt download activities.
[   11.292535] cloud-init[1090]: ci-info: | Route | Destination | Gateway | Interface | Flags |
[   11.294472] cloud-init[1090]: ci-info: +-------+-------------+---------+-----------+-------+
[   11.304786] cloud-init[1090]: ci-info: |   0   |  fe80::/64  |    ::   |   enp0s8  |   U   |
[   11.305137] cloud-init[1090]: ci-info: |   1   |  fe80::/64  |    ::   |   enp0s3  |   U   |
[[0;32m  OK  [0m] Started ACPI Events Check.
[[   11.305284] cloud-init[1090]: ci-info: |   4   |   ff00::/8  |    ::   |   enp0s8  |   U   |
[   11.308867] cloud-init[1090]: ci-info: |   5   |   ff00::/8  |    ::   |   enp0s3  |   U   |
[   11.309377] cloud-init[1090]: ci-info: +-------+-------------+---------+-----------+-------+
[0;32m  OK  [0m] Reached target Paths.
         Starting Socket activation for snappy daemon.
         Starting LXD - unix socket.
[[0;32m  OK  [0m] Listening on ACPID Listen Socket.
[[0;32m  OK  [0m] Started Message of the Day.
[[0;32m  OK  [0m] Started Daily Cleanup of Temporary Directories.
[[0;32m  OK  [0m] Listening on D-Bus System Message Bus Socket.
[[0;32m  OK  [0m] Started Daily apt upgrade and clean activities.
[[0;32m  OK  [0m] Reached target Timers.
[[0;32m  OK  [0m] Listening on Socket activation for snappy daemon.
[[0;32m  OK  [0m] Listening on LXD - unix socket.
[[0;32m  OK  [0m] Reached target Sockets.
[[0;32m  OK  [0m] Reached target Basic System.
         Starting LXD - container startup/shutdown...
         Starting LSB: Record successful boot for GRUB...
         Starting System Logging Service...
[[0;32m  OK  [0m] Started ACPI event daemon.
         Starting Accounts Service...
[[0;32m  OK  [0m] Started Deferred execution scheduler.
         Starting Message of the Day...
[[0;32m  OK  [0m] Started Regular background program processing daemon.
         Starting OpenBSD Secure Shell server...
         Starting /etc/rc.local Compatibility...
[[0;32m  OK  [0m] Started D-Bus System Message Bus.
         Starting LSB: MD monitoring daemon...
         Starting Snap Daemon...
         Starting vboxadd.service...
         Starting Login Service...
[[0;32m  OK  [0m] Started FUSE filesystem for LXC.
[[0;32m  OK  [0m] Started System Logging Service.
[[0;32m  OK  [0m] Started iSCSI initiator daemon (iscsid).
[[0;32m  OK  [0m] Started /etc/rc.local Compatibility.
         Starting Authenticate and Authorize Users to Run Privileged Tasks...
         Starting Login to default iSCSI targets...
[[0;32m  OK  [0m] Started Login Service.
[[0;32m  OK  [0m] Started Unattended Upgrades Shutdown.
[[0;32m  OK  [0m] Started OpenBSD Secure Shell server.
[[0;32m  OK  [0m] Started LSB: Record successful boot for GRUB.
[[0;32m  OK  [0m] Started LSB: MD monitoring daemon.
[[0;32m  OK  [0m] Started Login to default iSCSI targets.
[[0;32m  OK  [0m] Reached target Remote File Systems (Pre).
[[0;32m  OK  [0m] Reached target Remote File Systems.
         Starting LSB: automatic crash report generation...
         Starting LSB: Apache2 web server...
         Starting LSB: Set the CPU Frequency Scaling governor to "ondemand"...
         Starting Permit User Sessions...
         Starting LSB: daemon to balance interrupts for SMP systems...
[[0;32m  OK  [0m] Started Authenticate and Authorize Users to Run Privileged Tasks.
[[0;32m  OK  [0m] Started Accounts Service.
[[0;32m  OK  [0m] Started Permit User Sessions.
         Starting Terminate Plymouth Boot Screen...
         Starting Hold until boot process finishes up...
[[0;32m  OK  [0m] Started LSB: Set the CPU Frequency Scaling governor to "ondemand".
[[0;32m  OK  [0m] Started Hold until boot process finishes up.
[[0;32m  OK  [0m] Started Terminate Plymouth Boot Screen.
[[0;32m  OK  [0m] Started LXD - container startup/shutdown.
         Starting Set console scheme...
[[0;32m  OK  [0m] Started Serial Getty on ttyS0.
[[0;32m  OK  [0m] Started Getty on tty1.
[[0;32m  OK  [0m] Reached target Login Prompts.
[[0;32m  OK  [0m] Started LSB: automatic crash report generation.
[[0;32m  OK  [0m] Started LSB: daemon to balance interrupts for SMP systems.
[[0;32m  OK  [0m] Started Set console scheme.
[[0;32m  OK  [0m] Started Snap Daemon.
         Starting Wait until snapd is fully seeded...
[[0;32m  OK  [0m] Started Wait until snapd is fully seeded.
         Starting Apply the settings specified in cloud-config...
[   13.668915] cloud-init[1390]: Cloud-init v. 20.2-45-g5f7825e2-0ubuntu1~16.04.1 running 'modules:config' at Sun, 01 Nov 2020 02:21:55 +0000. Up 13.43 seconds.
[[0;32m  OK  [0m] Started Apply the settings specified in cloud-config.
[[0;32m  OK  [0m] Started LSB: Apache2 web server.
[[0;32m  OK  [0m] Started Message of the Day.
[[0;32m  OK  [0m] Started vboxadd.service.
         Starting vboxadd-service.service...
[[0;32m  OK  [0m] Started vboxadd-service.service.
[[0;32m  OK  [0m] Reached target Multi-User System.
[[0;32m  OK  [0m] Reached target Graphical Interface.
         Starting Execute cloud user/final scripts...
         Starting Update UTMP about System Runlevel Changes...
[[0;32m  OK  [0m] Started Update UTMP about System Runlevel Changes.
[   16.638200] cloud-init[1503]: Cloud-init v. 20.2-45-g5f7825e2-0ubuntu1~16.04.1 running 'modules:final' at Sun, 01 Nov 2020 02:21:58 +0000. Up 16.47 seconds.
[   16.642703] cloud-init[1503]: Cloud-init v. 20.2-45-g5f7825e2-0ubuntu1~16.04.1 finished at Sun, 01 Nov 2020 02:21:58 +0000. Datasource DataSourceNoCloud [seed=/dev/sdb][dsmode=net].  Up 16.62 seconds
[[0;32m  OK  [0m] Started Execute cloud user/final scripts.
[[0;32m  OK  [0m] Reached target Cloud-init target.
         Starting Daily apt download activities...
[[0;32m  OK  [0m] Created slice User Slice of vagrant.
         Starting User Manager for UID 1000...
[[0;32m  OK  [0m] Started Session 1 of user vagrant.
[[0;32m  OK  [0m] Started User Manager for UID 1000.

Ubuntu 16.04.7 LTS convert ttyS0

convert login: 